<?xml version="1.0" encoding="UTF-8"?>
<testsuite name="example.cashcard.CashcardJsonTest" tests="4" skipped="0" failures="0" errors="0" timestamp="2024-04-26T11:20:44" hostname="alejandro-pc" time="0.043">
  <properties/>
  <testcase name="cashCardSerializationTest()" classname="example.cashcard.CashcardJsonTest" time="0.022"/>
  <testcase name="cashCardDeserializationTest()" classname="example.cashcard.CashcardJsonTest" time="0.008"/>
  <testcase name="cashCardListSerializationTest()" classname="example.cashcard.CashcardJsonTest" time="0.005"/>
  <testcase name="cashCardListDeserializationTest()" classname="example.cashcard.CashcardJsonTest" time="0.002"/>
  <system-out><![CDATA[2024-04-26T13:20:44.459+02:00  INFO 61002 --- [    Test worker] t.c.s.AnnotationConfigContextLoaderUtils : Could not detect default configuration classes for test class [example.cashcard.CashcardJsonTest]: CashcardJsonTest does not declare any static, non-private, non-final, nested classes annotated with @Configuration.
2024-04-26T13:20:44.465+02:00  INFO 61002 --- [    Test worker] .b.t.c.SpringBootTestContextBootstrapper : Found @SpringBootConfiguration example.cashcard.CashcardApplication for test class example.cashcard.CashcardJsonTest

  .   ____          _            __ _ _
 /\\ / ___'_ __ _ _(_)_ __  __ _ \ \ \ \
( ( )\___ | '_ | '_| | '_ \/ _` | \ \ \ \
 \\/  ___)| |_)| | | | | || (_| |  ) ) ) )
  '  |____| .__|_| |_|_| |_\__, | / / / /
 =========|_|==============|___/=/_/_/_/
 :: Spring Boot ::                (v3.2.4)

2024-04-26T13:20:44.477+02:00  INFO 61002 --- [    Test worker] example.cashcard.CashcardJsonTest        : Starting CashcardJsonTest using Java 17.0.10 with PID 61002 (started by alejandro in /home/alejandro/Repo/CursoSpringboot-BuildRestAPI)
2024-04-26T13:20:44.478+02:00  INFO 61002 --- [    Test worker] example.cashcard.CashcardJsonTest        : No active profile set, falling back to 1 default profile: "default"
2024-04-26T13:20:44.514+02:00  INFO 61002 --- [    Test worker] example.cashcard.CashcardJsonTest        : Started CashcardJsonTest in 0.046 seconds (process running for 4.311)
]]></system-out>
  <system-err><![CDATA[]]></system-err>
</testsuite>
